2021-02-14 23:16:21 INFO  Main:38 - saved data reading
2021-02-14 23:16:21 INFO  Main:43 - application start
2021-02-14 23:16:22 INFO  Controller:75 - Main controller initializing
2021-02-14 23:16:55 INFO  Main:38 - saved data reading
2021-02-14 23:16:55 INFO  Main:43 - application start
2021-02-14 23:16:55 INFO  Controller:75 - Main controller initializing
2021-02-14 23:16:59 INFO  NewEditController:91 - new/edit window initializing
2021-02-17 09:36:41 INFO  Main:38 - saved data reading
2021-02-17 09:36:41 INFO  Main:43 - application start
2021-02-17 09:36:42 INFO  Controller:75 - Main controller initializing
2021-02-17 09:36:50 INFO  NewEditController:91 - new/edit window initializing
2021-03-25 15:03:16 INFO  Main:38 - saved data reading
2021-03-25 15:03:16 INFO  Main:43 - application start
2021-03-25 15:03:17 INFO  Controller:75 - Main controller initializing
2021-03-25 18:15:24 INFO  Main:38 - saved data reading
2021-03-25 18:15:24 INFO  Main:43 - application start
2021-03-25 18:15:25 INFO  Controller:75 - Main controller initializing
2021-03-25 18:29:19 INFO  Main:38 - saved data reading
2021-03-25 18:29:19 INFO  Main:43 - application start
2021-03-25 18:29:20 INFO  Controller:75 - Main controller initializing
2021-03-25 18:29:24 INFO  TaskInfoController:26 - task info window initializing
2021-03-25 18:29:24 ERROR Controller:128 - error loading task-info.fxml
2021-03-26 14:40:12 INFO  Main:38 - saved data reading
2021-03-26 14:40:12 INFO  Main:43 - application start
2021-03-26 14:40:13 INFO  Controller:75 - Main controller initializing
2021-03-26 15:01:12 INFO  Main:38 - saved data reading
2021-03-26 15:01:12 INFO  Main:43 - application start
2021-03-26 15:01:12 INFO  Controller:75 - Main controller initializing
2021-03-26 15:20:59 INFO  Main:38 - saved data reading
2021-03-26 15:20:59 INFO  Main:43 - application start
2021-03-26 15:20:59 INFO  Controller:75 - Main controller initializing
2021-03-26 15:21:49 INFO  Main:38 - saved data reading
2021-03-26 15:21:49 INFO  Main:43 - application start
2021-03-26 15:21:49 INFO  Controller:75 - Main controller initializing
2021-03-26 15:26:34 INFO  Main:38 - saved data reading
2021-03-26 15:26:34 INFO  Main:43 - application start
2021-03-26 15:26:34 INFO  Controller:75 - Main controller initializing
2021-03-26 15:26:37 INFO  NewEditController:91 - new/edit window initializing
2021-03-26 15:26:40 INFO  NewEditController:91 - new/edit window initializing
2021-03-26 15:26:45 INFO  TaskInfoController:26 - task info window initializing
2021-03-26 15:26:45 ERROR Controller:128 - error loading task-info.fxml
2021-03-26 15:26:48 INFO  NewEditController:91 - new/edit window initializing
2021-03-26 15:26:56 INFO  NewEditController:91 - new/edit window initializing
2021-03-26 15:27:03 INFO  TaskInfoController:26 - task info window initializing
2021-03-29 15:34:02 INFO  Main:38 - saved data reading
2021-03-29 15:34:02 INFO  Main:43 - application start
2021-03-29 15:34:03 INFO  Controller:75 - Main controller initializing
2021-03-29 15:34:12 INFO  NewEditController:91 - new/edit window initializing
2021-03-29 15:46:56 INFO  Main:38 - saved data reading
2021-03-29 15:46:56 INFO  Main:43 - application start
2021-03-29 15:46:57 INFO  Controller:75 - Main controller initializing
2021-03-29 15:47:02 INFO  NewEditController:91 - new/edit window initializing
2021-03-29 15:47:42 INFO  NewEditController:91 - new/edit window initializing
2021-03-29 15:48:12 INFO  NewEditController:91 - new/edit window initializing
2021-03-29 15:48:22 INFO  NewEditController:91 - new/edit window initializing
2021-03-29 16:58:44 INFO  Main:38 - saved data reading
2021-03-29 16:58:44 INFO  Main:43 - application start
2021-03-29 16:58:45 INFO  Controller:75 - Main controller initializing
2021-03-29 16:58:54 INFO  NewEditController:91 - new/edit window initializing
2021-03-29 17:29:57 INFO  Main:38 - saved data reading
2021-03-29 17:29:57 INFO  Main:43 - application start
2021-03-29 17:29:57 INFO  Controller:75 - Main controller initializing
2021-03-29 17:29:59 INFO  NewEditController:91 - new/edit window initializing
2021-03-29 17:30:13 INFO  NewEditController:91 - new/edit window initializing
2021-03-29 17:30:31 INFO  NewEditController:91 - new/edit window initializing
2021-03-29 17:30:59 INFO  NewEditController:91 - new/edit window initializing
2021-03-29 17:31:09 INFO  NewEditController:91 - new/edit window initializing
2021-03-29 17:31:28 INFO  NewEditController:91 - new/edit window initializing
2021-03-29 17:31:41 INFO  NewEditController:91 - new/edit window initializing
2021-03-29 17:31:43 INFO  NewEditController:91 - new/edit window initializing
2021-03-29 17:31:57 INFO  NewEditController:91 - new/edit window initializing
2021-03-29 17:32:00 INFO  NewEditController:91 - new/edit window initializing
2021-03-29 17:32:03 INFO  NewEditController:91 - new/edit window initializing
2021-03-29 19:18:17 ERROR Task:41 - interval < than 1
2021-03-29 19:20:17 ERROR Task:41 - interval < than 1
2021-03-29 19:21:13 ERROR Task:41 - interval < than 1
2021-03-29 19:32:18 ERROR Task:41 - interval < than 1
2021-03-29 19:34:47 ERROR Task:41 - interval < than 1
2021-03-29 19:39:12 ERROR Task:45 - interval < than 1
2021-03-29 19:39:12 ERROR Task:37 - title null
2021-03-29 19:43:52 ERROR Task:45 - interval < than 1
2021-03-29 19:43:52 ERROR Task:45 - interval < than 1
2021-03-29 19:43:52 ERROR Task:37 - title null
2021-03-29 20:33:10 ERROR Task:45 - interval < than 1
2021-03-29 20:33:10 ERROR Task:45 - interval < than 1
2021-03-29 20:33:10 ERROR Task:37 - title null
2021-03-29 20:37:57 ERROR Task:45 - interval < than 1
2021-03-29 20:37:57 ERROR Task:45 - interval < than 1
2021-03-29 20:37:57 ERROR Task:37 - title null
2021-03-29 20:38:21 ERROR Task:45 - interval < than 1
2021-03-29 20:38:21 ERROR Task:45 - interval < than 1
2021-03-29 20:38:21 ERROR Task:37 - title null
2021-03-29 20:49:16 INFO  Main:38 - saved data reading
2021-03-29 20:49:16 INFO  Main:43 - application start
2021-03-29 20:49:17 INFO  Controller:75 - Main controller initializing
2021-03-29 20:49:25 INFO  NewEditController:91 - new/edit window initializing
2021-03-30 12:44:15 ERROR Task:45 - interval < than 1
2021-03-30 12:44:15 ERROR Task:37 - title null
2021-03-30 12:52:05 ERROR Task:45 - interval < than 1
2021-03-30 12:52:05 ERROR Task:45 - interval < than 1
2021-03-30 12:52:05 ERROR Task:45 - interval < than 1
2021-03-30 12:52:05 ERROR Task:37 - title null
2021-03-30 12:52:43 ERROR Task:37 - title null
2021-03-30 12:52:43 ERROR Task:45 - interval < than 1
2021-03-30 12:52:43 ERROR Task:45 - interval < than 1
2021-03-30 12:52:43 ERROR Task:45 - interval < than 1
2021-03-30 12:52:43 ERROR Task:37 - title null
2021-03-30 13:48:35 INFO  Main:38 - saved data reading
2021-03-30 13:48:35 INFO  Main:43 - application start
2021-03-30 13:48:35 INFO  Controller:75 - Main controller initializing
2021-03-30 13:52:18 ERROR Task:37 - title null
2021-03-30 13:52:18 ERROR Task:45 - interval < than 1
2021-03-30 13:52:18 ERROR Task:45 - interval < than 1
2021-03-30 13:52:18 ERROR Task:45 - interval < than 1
2021-03-30 13:52:18 ERROR Task:37 - title null
2021-04-12 23:00:17 INFO  Main:38 - saved data reading
2021-04-12 23:00:18 INFO  Main:43 - application start
2021-04-12 23:00:18 INFO  Controller:75 - Main controller initializing
2021-04-12 23:01:44 INFO  NewEditController:91 - new/edit window initializing
2021-04-12 23:02:02 INFO  NewEditController:91 - new/edit window initializing
2021-04-12 23:03:24 INFO  NewEditController:91 - new/edit window initializing
2021-04-12 23:03:26 INFO  NewEditController:91 - new/edit window initializing
2021-04-12 23:03:29 INFO  NewEditController:91 - new/edit window initializing
2021-04-12 23:03:34 INFO  NewEditController:91 - new/edit window initializing
2021-04-12 23:31:44 INFO  Main:38 - saved data reading
2021-04-12 23:31:44 INFO  Main:43 - application start
2021-04-12 23:31:44 INFO  Controller:75 - Main controller initializing
2021-04-12 23:31:48 INFO  NewEditController:91 - new/edit window initializing
2021-04-12 23:32:03 INFO  NewEditController:91 - new/edit window initializing
2021-04-12 23:32:33 INFO  NewEditController:91 - new/edit window initializing
2021-04-12 23:32:41 INFO  NewEditController:91 - new/edit window initializing
2021-04-12 23:32:52 INFO  NewEditController:91 - new/edit window initializing
2021-04-12 23:33:03 INFO  NewEditController:91 - new/edit window initializing
2021-04-12 23:33:05 INFO  NewEditController:91 - new/edit window initializing
2021-04-12 23:33:08 INFO  NewEditController:91 - new/edit window initializing
2021-04-12 23:33:13 INFO  NewEditController:91 - new/edit window initializing
2021-04-12 23:33:17 INFO  NewEditController:91 - new/edit window initializing
2021-04-12 23:35:36 INFO  NewEditController:91 - new/edit window initializing
2021-04-12 23:35:45 INFO  TaskInfoController:26 - task info window initializing
2021-04-12 23:35:46 INFO  NewEditController:91 - new/edit window initializing
2021-04-12 23:36:04 INFO  NewEditController:91 - new/edit window initializing
2021-04-12 23:36:10 INFO  NewEditController:91 - new/edit window initializing
2021-04-12 23:36:15 INFO  NewEditController:91 - new/edit window initializing
2021-04-12 23:36:59 INFO  NewEditController:91 - new/edit window initializing
2021-04-12 23:37:04 INFO  NewEditController:91 - new/edit window initializing
2021-04-12 23:37:08 INFO  NewEditController:91 - new/edit window initializing
2021-04-12 23:37:11 INFO  NewEditController:91 - new/edit window initializing
2021-04-12 23:37:14 INFO  NewEditController:91 - new/edit window initializing
2021-04-12 23:37:30 ERROR Task:45 - interval < than 1
2021-04-12 23:37:30 ERROR Task:45 - interval < than 1
2021-04-12 23:37:30 ERROR Task:45 - interval < than 1
2021-04-12 23:37:30 ERROR Task:45 - interval < than 1
2021-04-12 23:37:30 ERROR Task:45 - interval < than 1
2021-04-12 23:44:11 INFO  NewEditController:91 - new/edit window initializing
2021-04-12 23:44:19 INFO  TaskInfoController:26 - task info window initializing
2021-04-12 23:44:21 INFO  NewEditController:91 - new/edit window initializing
2021-04-12 23:44:28 INFO  NewEditController:91 - new/edit window initializing
